<?xml version="1.0" encoding="UTF-8"?>
<robot generator="Robot 4.0.1 (Python 3.7.0 on win32)" generated="20210420 10:28:03.012" rpa="false" schemaversion="2">
<suite id="s1" name="Test" source="D:\GITfiles\webtest\TEST\rf_tests\test.robot">
<test id="s1-t1" name="test_get_event_list">
<kw name="Create Dictionary" library="BuiltIn">
<var>${payload}</var>
<arg>eid=1</arg>
<doc>Creates and returns a dictionary based on the given ``items``.</doc>
<msg timestamp="20210420 10:28:03.352" level="INFO">${payload} = {'eid': '1'}</msg>
<status status="PASS" starttime="20210420 10:28:03.351" endtime="20210420 10:28:03.352"/>
</kw>
<kw name="Create Session" library="RequestsLibrary">
<arg>event</arg>
<arg>http://127.0.0.1:8000/</arg>
<doc>Create Session: create a HTTP session to a server</doc>
<msg timestamp="20210420 10:28:03.352" level="INFO">Creating Session using : alias=event, url=http://127.0.0.1:8000/, headers={},                     cookies={}, auth=None, timeout=None, proxies=None, verify=False,                     debug=0 </msg>
<status status="PASS" starttime="20210420 10:28:03.352" endtime="20210420 10:28:03.353"/>
</kw>
<kw name="Get On Session" library="RequestsLibrary">
<var>${r}</var>
<arg>event</arg>
<arg>api/get_event_list/</arg>
<arg>params=${payload}</arg>
<doc>Sends a GET request on a previously created HTTP Session.</doc>
<msg timestamp="20210420 10:28:03.373" level="INFO">GET Request : url=http://127.0.0.1:8000/api/get_event_list/?eid=1 
 path_url=/api/get_event_list/?eid=1 
 headers={'User-Agent': 'python-requests/2.25.1', 'Accept-Encoding': 'gzip, deflate', 'Accept': '*/*', 'Connection': 'keep-alive'} 
 body=None 
 </msg>
<msg timestamp="20210420 10:28:03.373" level="INFO">GET Response : url=http://127.0.0.1:8000/api/get_event_list/?eid=1 
 status=200, reason=OK 
 headers={'Date': 'Tue, 20 Apr 2021 02:28:03 GMT', 'Server': 'WSGIServer/0.2 CPython/3.7.0', 'Content-Type': 'application/json', 'X-Frame-Options': 'SAMEORIGIN', 'Content-Length': '199'} 
 body={"status": 200, "message": "success", "data": {"eid": 1, "name": "\u5c0f\u7c73\u53d1\u5e03\u4f1a", "limit": 10, "status": false, "address": "\u6c34\u7acb\u65b9", "start_time": "2019-07-10T10:00:00"}} 
 </msg>
<msg timestamp="20210420 10:28:03.373" level="INFO">${r} = &lt;Response [200]&gt;</msg>
<status status="PASS" starttime="20210420 10:28:03.353" endtime="20210420 10:28:03.373"/>
</kw>
<kw name="Should Be Equal As Strings" library="BuiltIn">
<arg>${r.status_code}</arg>
<arg>200</arg>
<doc>Fails if objects are unequal after converting them to strings.</doc>
<msg timestamp="20210420 10:28:03.375" level="INFO">Argument types are:
&lt;class 'int'&gt;
&lt;type 'unicode'&gt;</msg>
<status status="PASS" starttime="20210420 10:28:03.374" endtime="20210420 10:28:03.375"/>
</kw>
<kw name="Log" library="BuiltIn">
<arg>${r.json()}</arg>
<doc>Logs the given message with the given level.</doc>
<msg timestamp="20210420 10:28:03.377" level="INFO">{'status': 200, 'message': 'success', 'data': {'eid': 1, 'name': '小米发布会', 'limit': 10, 'status': False, 'address': '水立方', 'start_time': '2019-07-10T10:00:00'}}</msg>
<status status="PASS" starttime="20210420 10:28:03.375" endtime="20210420 10:28:03.377"/>
</kw>
<kw name="Set Variable" library="BuiltIn">
<var>${dict}</var>
<arg>${r.json()}</arg>
<doc>Returns the given values which can then be assigned to a variables.</doc>
<msg timestamp="20210420 10:28:03.379" level="INFO">${dict} = {'status': 200, 'message': 'success', 'data': {'eid': 1, 'name': '小米发布会', 'limit': 10, 'status': False, 'address': '水立方', 'start_time': '2019-07-10T10:00:00'}}</msg>
<status status="PASS" starttime="20210420 10:28:03.377" endtime="20210420 10:28:03.380"/>
</kw>
<kw name="Get From Dictionary" library="Collections">
<var>${msg}</var>
<arg>${dict}</arg>
<arg>message</arg>
<doc>Returns a value from the given ``dictionary`` based on the given ``key``.</doc>
<msg timestamp="20210420 10:28:03.381" level="INFO">${msg} = success</msg>
<status status="PASS" starttime="20210420 10:28:03.380" endtime="20210420 10:28:03.381"/>
</kw>
<kw name="Should Be Equal" library="BuiltIn">
<arg>${msg}</arg>
<arg>success</arg>
<doc>Fails if the given objects are unequal.</doc>
<status status="PASS" starttime="20210420 10:28:03.381" endtime="20210420 10:28:03.382"/>
</kw>
<kw name="Get From Dictionary" library="Collections">
<var>${sta}</var>
<arg>${dict}</arg>
<arg>status</arg>
<doc>Returns a value from the given ``dictionary`` based on the given ``key``.</doc>
<msg timestamp="20210420 10:28:03.383" level="INFO">${sta} = 200</msg>
<status status="PASS" starttime="20210420 10:28:03.382" endtime="20210420 10:28:03.383"/>
</kw>
<kw name="Evaluate" library="BuiltIn">
<var>${status}</var>
<arg>int(200)</arg>
<doc>Evaluates the given expression in Python and returns the result.</doc>
<msg timestamp="20210420 10:28:03.383" level="INFO">${status} = 200</msg>
<status status="PASS" starttime="20210420 10:28:03.383" endtime="20210420 10:28:03.383"/>
</kw>
<kw name="Should Be Equal" library="BuiltIn">
<arg>${sta}</arg>
<arg>${status}</arg>
<doc>Fails if the given objects are unequal.</doc>
<status status="PASS" starttime="20210420 10:28:03.384" endtime="20210420 10:28:03.384"/>
</kw>
<status status="PASS" starttime="20210420 10:28:03.350" endtime="20210420 10:28:03.384"/>
</test>
<test id="s1-t2" name="test_add_event">
<kw name="Create Session" library="RequestsLibrary">
<arg>event</arg>
<arg>http://127.0.0.1:8000/api</arg>
<doc>Create Session: create a HTTP session to a server</doc>
<msg timestamp="20210420 10:28:03.386" level="INFO">Creating Session using : alias=event, url=http://127.0.0.1:8000/api, headers={},                     cookies={}, auth=None, timeout=None, proxies=None, verify=False,                     debug=0 </msg>
<status status="PASS" starttime="20210420 10:28:03.386" endtime="20210420 10:28:03.387"/>
</kw>
<kw name="Create Dictionary" library="BuiltIn">
<var>&amp;{headers}</var>
<arg>Content-Type=application/x-www-form-urlencoded</arg>
<doc>Creates and returns a dictionary based on the given ``items``.</doc>
<msg timestamp="20210420 10:28:03.388" level="INFO">&amp;{headers} = { Content-Type=application/x-www-form-urlencoded }</msg>
<status status="PASS" starttime="20210420 10:28:03.387" endtime="20210420 10:28:03.388"/>
</kw>
<kw name="Create Dictionary" library="BuiltIn">
<var>&amp;{payload}</var>
<arg>eid=1</arg>
<doc>Creates and returns a dictionary based on the given ``items``.</doc>
<msg timestamp="20210420 10:28:03.390" level="INFO">&amp;{payload} = { eid=1 }</msg>
<status status="PASS" starttime="20210420 10:28:03.389" endtime="20210420 10:28:03.390"/>
</kw>
<kw name="Post On Session" library="RequestsLibrary">
<var>${r}</var>
<arg>event</arg>
<arg>api/add_event/</arg>
<arg>data=${payload}</arg>
<arg>headers=${headers}</arg>
<doc>Sends a POST request on a previously created HTTP Session.</doc>
<msg timestamp="20210420 10:28:03.399" level="INFO">POST Request : url=http://127.0.0.1:8000/api/add_event/ 
 path_url=/api/add_event/ 
 headers={'User-Agent': 'python-requests/2.25.1', 'Accept-Encoding': 'gzip, deflate', 'Accept': '*/*', 'Connection': 'keep-alive', 'Content-Type': 'application/x-www-form-urlencoded', 'Content-Length': '5'} 
 body=eid=1 
 </msg>
<msg timestamp="20210420 10:28:03.399" level="INFO">POST Response : url=http://127.0.0.1:8000/api/add_event/ 
 status=200, reason=OK 
 headers={'Date': 'Tue, 20 Apr 2021 02:28:03 GMT', 'Server': 'WSGIServer/0.2 CPython/3.7.0', 'Content-Type': 'application/json', 'X-Frame-Options': 'SAMEORIGIN', 'Content-Length': '47'} 
 body={"status": 10021, "message": "parameter error"} 
 </msg>
<msg timestamp="20210420 10:28:03.400" level="INFO">${r} = &lt;Response [200]&gt;</msg>
<status status="PASS" starttime="20210420 10:28:03.390" endtime="20210420 10:28:03.400"/>
</kw>
<kw name="Should Be Equal As Strings" library="BuiltIn">
<arg>${r.status_code}</arg>
<arg>200</arg>
<doc>Fails if objects are unequal after converting them to strings.</doc>
<msg timestamp="20210420 10:28:03.402" level="INFO">Argument types are:
&lt;class 'int'&gt;
&lt;type 'unicode'&gt;</msg>
<status status="PASS" starttime="20210420 10:28:03.400" endtime="20210420 10:28:03.402"/>
</kw>
<kw name="Log" library="BuiltIn">
<arg>${r.json()}</arg>
<doc>Logs the given message with the given level.</doc>
<msg timestamp="20210420 10:28:03.404" level="INFO">{'status': 10021, 'message': 'parameter error'}</msg>
<status status="PASS" starttime="20210420 10:28:03.403" endtime="20210420 10:28:03.404"/>
</kw>
<kw name="Set Variable" library="BuiltIn">
<var>${dict}</var>
<arg>${r.json()}</arg>
<doc>Returns the given values which can then be assigned to a variables.</doc>
<msg timestamp="20210420 10:28:03.405" level="INFO">${dict} = {'status': 10021, 'message': 'parameter error'}</msg>
<status status="PASS" starttime="20210420 10:28:03.404" endtime="20210420 10:28:03.405"/>
</kw>
<kw name="Get From Dictionary" library="Collections">
<var>${msg}</var>
<arg>${dict}</arg>
<arg>message</arg>
<doc>Returns a value from the given ``dictionary`` based on the given ``key``.</doc>
<msg timestamp="20210420 10:28:03.406" level="INFO">${msg} = parameter error</msg>
<status status="PASS" starttime="20210420 10:28:03.406" endtime="20210420 10:28:03.406"/>
</kw>
<kw name="Should Be Equal" library="BuiltIn">
<arg>${msg}</arg>
<arg>parameter error</arg>
<doc>Fails if the given objects are unequal.</doc>
<status status="PASS" starttime="20210420 10:28:03.406" endtime="20210420 10:28:03.407"/>
</kw>
<kw name="Get From Dictionary" library="Collections">
<var>${sta}</var>
<arg>${dict}</arg>
<arg>status</arg>
<doc>Returns a value from the given ``dictionary`` based on the given ``key``.</doc>
<msg timestamp="20210420 10:28:03.407" level="INFO">${sta} = 10021</msg>
<status status="PASS" starttime="20210420 10:28:03.407" endtime="20210420 10:28:03.407"/>
</kw>
<kw name="Evaluate" library="BuiltIn">
<var>${status}</var>
<arg>int(10021)</arg>
<doc>Evaluates the given expression in Python and returns the result.</doc>
<msg timestamp="20210420 10:28:03.408" level="INFO">${status} = 10021</msg>
<status status="PASS" starttime="20210420 10:28:03.408" endtime="20210420 10:28:03.408"/>
</kw>
<kw name="Should Be Equal" library="BuiltIn">
<arg>${sta}</arg>
<arg>${status}</arg>
<doc>Fails if the given objects are unequal.</doc>
<status status="PASS" starttime="20210420 10:28:03.408" endtime="20210420 10:28:03.409"/>
</kw>
<status status="PASS" starttime="20210420 10:28:03.385" endtime="20210420 10:28:03.409"/>
</test>
<test id="s1-t3" name="test_user_sign_success">
<kw name="Create Session" library="RequestsLibrary">
<arg>event</arg>
<arg>http://127.0.0.1:8000/</arg>
<doc>Create Session: create a HTTP session to a server</doc>
<msg timestamp="20210420 10:28:03.410" level="INFO">Creating Session using : alias=event, url=http://127.0.0.1:8000/, headers={},                     cookies={}, auth=None, timeout=None, proxies=None, verify=False,                     debug=0 </msg>
<status status="PASS" starttime="20210420 10:28:03.410" endtime="20210420 10:28:03.411"/>
</kw>
<kw name="Create Dictionary" library="BuiltIn">
<var>&amp;{headers}</var>
<arg>Content-Type=application/x-www-form-urlencoded</arg>
<doc>Creates and returns a dictionary based on the given ``items``.</doc>
<msg timestamp="20210420 10:28:03.412" level="INFO">&amp;{headers} = { Content-Type=application/x-www-form-urlencoded }</msg>
<status status="PASS" starttime="20210420 10:28:03.411" endtime="20210420 10:28:03.412"/>
</kw>
<kw name="Create Dictionary" library="BuiltIn">
<var>&amp;{payload}</var>
<arg>eid=1</arg>
<doc>Creates and returns a dictionary based on the given ``items``.</doc>
<msg timestamp="20210420 10:28:03.414" level="INFO">&amp;{payload} = { eid=1 }</msg>
<status status="PASS" starttime="20210420 10:28:03.412" endtime="20210420 10:28:03.414"/>
</kw>
<kw name="Post On Session" library="RequestsLibrary">
<var>${r}</var>
<arg>event</arg>
<arg>api/user_sign/</arg>
<arg>data=${payload}</arg>
<arg>headers=${headers}</arg>
<doc>Sends a POST request on a previously created HTTP Session.</doc>
<msg timestamp="20210420 10:28:03.422" level="INFO">POST Request : url=http://127.0.0.1:8000/api/user_sign/ 
 path_url=/api/user_sign/ 
 headers={'User-Agent': 'python-requests/2.25.1', 'Accept-Encoding': 'gzip, deflate', 'Accept': '*/*', 'Connection': 'keep-alive', 'Content-Type': 'application/x-www-form-urlencoded', 'Content-Length': '5'} 
 body=eid=1 
 </msg>
<msg timestamp="20210420 10:28:03.422" level="INFO">POST Response : url=http://127.0.0.1:8000/api/user_sign/ 
 status=200, reason=OK 
 headers={'Date': 'Tue, 20 Apr 2021 02:28:03 GMT', 'Server': 'WSGIServer/0.2 CPython/3.7.0', 'Content-Type': 'application/json', 'X-Frame-Options': 'SAMEORIGIN', 'Content-Length': '47'} 
 body={"status": 10021, "message": "parameter error"} 
 </msg>
<msg timestamp="20210420 10:28:03.422" level="INFO">${r} = &lt;Response [200]&gt;</msg>
<status status="PASS" starttime="20210420 10:28:03.414" endtime="20210420 10:28:03.422"/>
</kw>
<kw name="Should Be Equal As Strings" library="BuiltIn">
<arg>${r.status_code}</arg>
<arg>200</arg>
<doc>Fails if objects are unequal after converting them to strings.</doc>
<msg timestamp="20210420 10:28:03.424" level="INFO">Argument types are:
&lt;class 'int'&gt;
&lt;type 'unicode'&gt;</msg>
<status status="PASS" starttime="20210420 10:28:03.422" endtime="20210420 10:28:03.424"/>
</kw>
<kw name="Log" library="BuiltIn">
<arg>${r.json()}</arg>
<doc>Logs the given message with the given level.</doc>
<msg timestamp="20210420 10:28:03.425" level="INFO">{'status': 10021, 'message': 'parameter error'}</msg>
<status status="PASS" starttime="20210420 10:28:03.424" endtime="20210420 10:28:03.425"/>
</kw>
<kw name="Set Variable" library="BuiltIn">
<var>${dict}</var>
<arg>${r.json()}</arg>
<doc>Returns the given values which can then be assigned to a variables.</doc>
<msg timestamp="20210420 10:28:03.427" level="INFO">${dict} = {'status': 10021, 'message': 'parameter error'}</msg>
<status status="PASS" starttime="20210420 10:28:03.425" endtime="20210420 10:28:03.427"/>
</kw>
<kw name="Get From Dictionary" library="Collections">
<var>${msg}</var>
<arg>${dict}</arg>
<arg>message</arg>
<doc>Returns a value from the given ``dictionary`` based on the given ``key``.</doc>
<msg timestamp="20210420 10:28:03.428" level="INFO">${msg} = parameter error</msg>
<status status="PASS" starttime="20210420 10:28:03.427" endtime="20210420 10:28:03.428"/>
</kw>
<kw name="Should Be Equal" library="BuiltIn">
<arg>${msg}</arg>
<arg>parameter error</arg>
<doc>Fails if the given objects are unequal.</doc>
<status status="PASS" starttime="20210420 10:28:03.428" endtime="20210420 10:28:03.429"/>
</kw>
<kw name="Get From Dictionary" library="Collections">
<var>${sta}</var>
<arg>${dict}</arg>
<arg>status</arg>
<doc>Returns a value from the given ``dictionary`` based on the given ``key``.</doc>
<msg timestamp="20210420 10:28:03.429" level="INFO">${sta} = 10021</msg>
<status status="PASS" starttime="20210420 10:28:03.429" endtime="20210420 10:28:03.429"/>
</kw>
<kw name="Evaluate" library="BuiltIn">
<var>${status}</var>
<arg>int(10021)</arg>
<doc>Evaluates the given expression in Python and returns the result.</doc>
<msg timestamp="20210420 10:28:03.430" level="INFO">${status} = 10021</msg>
<status status="PASS" starttime="20210420 10:28:03.429" endtime="20210420 10:28:03.430"/>
</kw>
<kw name="Should Be Equal" library="BuiltIn">
<arg>${sta}</arg>
<arg>${status}</arg>
<doc>Fails if the given objects are unequal.</doc>
<status status="PASS" starttime="20210420 10:28:03.430" endtime="20210420 10:28:03.431"/>
</kw>
<status status="PASS" starttime="20210420 10:28:03.409" endtime="20210420 10:28:03.431"/>
</test>
<status status="PASS" starttime="20210420 10:28:03.015" endtime="20210420 10:28:03.432"/>
</suite>
<statistics>
<total>
<stat pass="3" fail="0" skip="0">All Tests</stat>
</total>
<tag>
</tag>
<suite>
<stat pass="3" fail="0" skip="0" id="s1" name="Test">Test</stat>
</suite>
</statistics>
<errors>
</errors>
</robot>
